<?xml version="1.0" encoding="UTF-8"?>
<!-- Generated by org.testng.reporters.JUnitXMLReporter -->
<testsuite hostname="Ammu-PC" name="LoginTest" tests="2" failures="1" timestamp="29 Sep 2017 02:21:07 GMT" time="72.687" errors="0">
  <testcase name="@AfterMethod afterMethod" time="0.0" classname="com.test.autiomation.UIAutomation1.authenticationpage.TC001_loginWithInvalidData">
    <failure type="java.lang.NullPointerException">
      <![CDATA[java.lang.NullPointerException
	at com.test.automation.UIAutomation1.testBase.TestBase.getResult(TestBase.java:187)
	at com.test.automation.UIAutomation1.testBase.TestBase.afterMethod(TestBase.java:241)
	at java.util.concurrent.ThreadPoolExecutor.runWorker(Unknown Source)
	at java.util.concurrent.ThreadPoolExecutor$Worker.run(Unknown Source)
	at java.lang.Thread.run(Unknown Source)
... Removed 12 stack frames]]>
    </failure>
  </testcase> <!-- @AfterMethod afterMethod -->
  <testcase name="@BeforeMethod beforeMethod" time="0.0" classname="com.test.autiomation.UIAutomation1.authenticationpage.TC001_loginWithInvalidData">
    <skipped/>
  </testcase> <!-- @BeforeMethod beforeMethod -->
  <testcase name="@AfterMethod afterMethod" time="0.0" classname="com.test.autiomation.UIAutomation1.authenticationpage.TC001_loginWithInvalidData">
    <skipped/>
  </testcase> <!-- @AfterMethod afterMethod -->
  <testcase name="loginWithInvalidDataTest" time="60.15" classname="com.test.autiomation.UIAutomation1.authenticationpage.TC001_loginWithInvalidData">
    <failure type="org.openqa.selenium.NoSuchElementException" message="Unable to locate element: .//*[@id=&amp;apos;header&amp;apos;]/div[2]/div/div/nav/div[1]/a123
For documentation on this error, please visit: http://seleniumhq.org/exceptions/no_such_element.html
Build info: version: &amp;apos;3.4.0&amp;apos;, revision: &amp;apos;unknown&amp;apos;, time: &amp;apos;unknown&amp;apos;
System info: host: &amp;apos;AMMU-PC&amp;apos;, ip: &amp;apos;192.168.1.8&amp;apos;, os.name: &amp;apos;Windows 7&amp;apos;, os.arch: &amp;apos;amd64&amp;apos;, os.version: &amp;apos;6.1&amp;apos;, java.version: &amp;apos;1.8.0_73&amp;apos;
Driver info: org.openqa.selenium.firefox.FirefoxDriver
Capabilities [{moz:profile=C:\Users\Ammu\AppData\Local\Temp\rust_mozprofile.VhfjpLxkb5jN, rotatable=false, timeouts={implicit=0.0, pageLoad=300000.0, script=30000.0}, pageLoadStrategy=normal, platform=ANY, specificationLevel=0.0, moz:accessibilityChecks=false, acceptInsecureCerts=false, browserVersion=54.0.1, platformVersion=6.1, moz:processID=6292.0, browserName=firefox, javascriptEnabled=true, platformName=windows_nt}]
Session ID: 36854331-b6ec-4648-b243-4a7ad598c608
*** Element info: {Using=xpath, value=.//*[@id=&amp;apos;header&amp;apos;]/div[2]/div/div/nav/div[1]/a123}">
      <![CDATA[org.openqa.selenium.NoSuchElementException: Unable to locate element: .//*[@id='header']/div[2]/div/div/nav/div[1]/a123
For documentation on this error, please visit: http://seleniumhq.org/exceptions/no_such_element.html
Build info: version: '3.4.0', revision: 'unknown', time: 'unknown'
System info: host: 'AMMU-PC', ip: '192.168.1.8', os.name: 'Windows 7', os.arch: 'amd64', os.version: '6.1', java.version: '1.8.0_73'
Driver info: org.openqa.selenium.firefox.FirefoxDriver
Capabilities [{moz:profile=C:\Users\Ammu\AppData\Local\Temp\rust_mozprofile.VhfjpLxkb5jN, rotatable=false, timeouts={implicit=0.0, pageLoad=300000.0, script=30000.0}, pageLoadStrategy=normal, platform=ANY, specificationLevel=0.0, moz:accessibilityChecks=false, acceptInsecureCerts=false, browserVersion=54.0.1, platformVersion=6.1, moz:processID=6292.0, browserName=firefox, javascriptEnabled=true, platformName=windows_nt}]
Session ID: 36854331-b6ec-4648-b243-4a7ad598c608
*** Element info: {Using=xpath, value=.//*[@id='header']/div[2]/div/div/nav/div[1]/a123}
	at org.openqa.selenium.remote.http.W3CHttpResponseCodec.createException(W3CHttpResponseCodec.java:150)
	at org.openqa.selenium.remote.http.W3CHttpResponseCodec.decode(W3CHttpResponseCodec.java:115)
	at org.openqa.selenium.remote.http.W3CHttpResponseCodec.decode(W3CHttpResponseCodec.java:45)
	at org.openqa.selenium.remote.HttpCommandExecutor.execute(HttpCommandExecutor.java:164)
	at org.openqa.selenium.remote.service.DriverCommandExecutor.execute(DriverCommandExecutor.java:82)
	at org.openqa.selenium.remote.RemoteWebDriver.execute(RemoteWebDriver.java:637)
	at org.openqa.selenium.remote.RemoteWebDriver.findElement(RemoteWebDriver.java:410)
	at org.openqa.selenium.remote.RemoteWebDriver.findElementByXPath(RemoteWebDriver.java:509)
	at org.openqa.selenium.By$ByXPath.findElement(By.java:361)
	at org.openqa.selenium.remote.RemoteWebDriver.findElement(RemoteWebDriver.java:402)
	at org.openqa.selenium.support.pagefactory.DefaultElementLocator.findElement(DefaultElementLocator.java:69)
	at org.openqa.selenium.support.pagefactory.internal.LocatingElementHandler.invoke(LocatingElementHandler.java:38)
	at com.sun.proxy.$Proxy11.click(Unknown Source)
	at com.test.automation.UIAutomation1.uiActions.AuthenticationPage.enterInvalidData(AuthenticationPage.java:53)
	at com.test.autiomation.UIAutomation1.authenticationpage.TC001_loginWithInvalidData.loginWithInvalidDataTest(TC001_loginWithInvalidData.java:37)
	at java.util.concurrent.ThreadPoolExecutor.runWorker(Unknown Source)
	at java.util.concurrent.ThreadPoolExecutor$Worker.run(Unknown Source)
	at java.lang.Thread.run(Unknown Source)
... Removed 14 stack frames]]>
    </failure>
  </testcase> <!-- loginWithInvalidDataTest -->
  <testcase name="loginWithInvalidDataTest" time="0.001" classname="com.test.autiomation.UIAutomation1.authenticationpage.TC001_loginWithInvalidData">
    <skipped/>
  </testcase> <!-- loginWithInvalidDataTest -->
</testsuite> <!-- LoginTest -->
